mode: set
github.com/ZebulonRouseFrantzich/zerb/internal/config/generator.go:16.32,20.2 1 1
github.com/ZebulonRouseFrantzich/zerb/internal/config/generator.go:24.62,37.61 7 1
github.com/ZebulonRouseFrantzich/zerb/internal/config/generator.go:37.61,39.3 1 1
github.com/ZebulonRouseFrantzich/zerb/internal/config/generator.go:42.2,42.27 1 1
github.com/ZebulonRouseFrantzich/zerb/internal/config/generator.go:42.27,44.3 1 1
github.com/ZebulonRouseFrantzich/zerb/internal/config/generator.go:47.2,47.29 1 1
github.com/ZebulonRouseFrantzich/zerb/internal/config/generator.go:47.29,49.3 1 1
github.com/ZebulonRouseFrantzich/zerb/internal/config/generator.go:52.2,52.56 1 1
github.com/ZebulonRouseFrantzich/zerb/internal/config/generator.go:52.56,54.3 1 1
github.com/ZebulonRouseFrantzich/zerb/internal/config/generator.go:57.2,57.40 1 1
github.com/ZebulonRouseFrantzich/zerb/internal/config/generator.go:57.40,59.3 1 1
github.com/ZebulonRouseFrantzich/zerb/internal/config/generator.go:61.2,63.26 2 1
github.com/ZebulonRouseFrantzich/zerb/internal/config/generator.go:67.113,89.21 16 1
github.com/ZebulonRouseFrantzich/zerb/internal/config/generator.go:89.21,91.3 1 1
github.com/ZebulonRouseFrantzich/zerb/internal/config/generator.go:92.2,96.16 3 1
github.com/ZebulonRouseFrantzich/zerb/internal/config/generator.go:96.16,98.3 1 0
github.com/ZebulonRouseFrantzich/zerb/internal/config/generator.go:100.2,104.36 4 1
github.com/ZebulonRouseFrantzich/zerb/internal/config/generator.go:108.61,112.21 3 1
github.com/ZebulonRouseFrantzich/zerb/internal/config/generator.go:112.21,118.3 5 1
github.com/ZebulonRouseFrantzich/zerb/internal/config/generator.go:120.2,120.28 1 1
github.com/ZebulonRouseFrantzich/zerb/internal/config/generator.go:120.28,126.3 5 1
github.com/ZebulonRouseFrantzich/zerb/internal/config/generator.go:128.2,129.27 2 1
github.com/ZebulonRouseFrantzich/zerb/internal/config/generator.go:133.67,137.29 3 1
github.com/ZebulonRouseFrantzich/zerb/internal/config/generator.go:137.29,142.3 4 1
github.com/ZebulonRouseFrantzich/zerb/internal/config/generator.go:144.2,145.27 2 1
github.com/ZebulonRouseFrantzich/zerb/internal/config/generator.go:149.79,153.29 3 1
github.com/ZebulonRouseFrantzich/zerb/internal/config/generator.go:153.29,158.66 3 1
github.com/ZebulonRouseFrantzich/zerb/internal/config/generator.go:158.66,161.12 3 1
github.com/ZebulonRouseFrantzich/zerb/internal/config/generator.go:165.3,176.19 8 1
github.com/ZebulonRouseFrantzich/zerb/internal/config/generator.go:176.19,181.4 4 1
github.com/ZebulonRouseFrantzich/zerb/internal/config/generator.go:182.3,182.18 1 1
github.com/ZebulonRouseFrantzich/zerb/internal/config/generator.go:182.18,187.4 4 1
github.com/ZebulonRouseFrantzich/zerb/internal/config/generator.go:188.3,188.17 1 1
github.com/ZebulonRouseFrantzich/zerb/internal/config/generator.go:188.17,193.4 4 1
github.com/ZebulonRouseFrantzich/zerb/internal/config/generator.go:194.3,194.17 1 1
github.com/ZebulonRouseFrantzich/zerb/internal/config/generator.go:194.17,199.4 4 1
github.com/ZebulonRouseFrantzich/zerb/internal/config/generator.go:201.3,203.26 3 1
github.com/ZebulonRouseFrantzich/zerb/internal/config/generator.go:206.2,207.27 2 1
github.com/ZebulonRouseFrantzich/zerb/internal/config/generator.go:211.70,215.22 3 1
github.com/ZebulonRouseFrantzich/zerb/internal/config/generator.go:215.22,221.3 5 1
github.com/ZebulonRouseFrantzich/zerb/internal/config/generator.go:223.2,223.22 1 1
github.com/ZebulonRouseFrantzich/zerb/internal/config/generator.go:223.22,229.3 5 1
github.com/ZebulonRouseFrantzich/zerb/internal/config/generator.go:231.2,232.27 2 1
github.com/ZebulonRouseFrantzich/zerb/internal/config/generator.go:236.70,240.33 3 1
github.com/ZebulonRouseFrantzich/zerb/internal/config/generator.go:240.33,244.3 3 1
github.com/ZebulonRouseFrantzich/zerb/internal/config/generator.go:246.2,247.25 2 1
github.com/ZebulonRouseFrantzich/zerb/internal/config/generator.go:251.53,259.2 6 1
github.com/ZebulonRouseFrantzich/zerb/internal/config/parser.go:18.52,20.2 1 1
github.com/ZebulonRouseFrantzich/zerb/internal/config/parser.go:24.84,29.23 3 1
github.com/ZebulonRouseFrantzich/zerb/internal/config/parser.go:29.23,31.17 2 1
github.com/ZebulonRouseFrantzich/zerb/internal/config/parser.go:31.17,33.4 1 0
github.com/ZebulonRouseFrantzich/zerb/internal/config/parser.go:34.3,34.71 1 1
github.com/ZebulonRouseFrantzich/zerb/internal/config/parser.go:34.71,36.4 1 0
github.com/ZebulonRouseFrantzich/zerb/internal/config/parser.go:40.2,40.44 1 1
github.com/ZebulonRouseFrantzich/zerb/internal/config/parser.go:40.44,45.3 1 1
github.com/ZebulonRouseFrantzich/zerb/internal/config/parser.go:48.2,48.25 1 1
github.com/ZebulonRouseFrantzich/zerb/internal/config/parser.go:57.37,59.2 1 1
github.com/ZebulonRouseFrantzich/zerb/internal/config/parser.go:63.52,65.37 2 1
github.com/ZebulonRouseFrantzich/zerb/internal/config/parser.go:65.37,70.3 1 1
github.com/ZebulonRouseFrantzich/zerb/internal/config/parser.go:72.2,76.74 3 1
github.com/ZebulonRouseFrantzich/zerb/internal/config/parser.go:76.74,78.17 2 1
github.com/ZebulonRouseFrantzich/zerb/internal/config/parser.go:78.17,80.4 1 0
github.com/ZebulonRouseFrantzich/zerb/internal/config/parser.go:81.3,81.21 1 1
github.com/ZebulonRouseFrantzich/zerb/internal/config/parser.go:85.2,85.77 1 1
github.com/ZebulonRouseFrantzich/zerb/internal/config/parser.go:85.77,87.17 2 1
github.com/ZebulonRouseFrantzich/zerb/internal/config/parser.go:87.17,89.4 1 0
github.com/ZebulonRouseFrantzich/zerb/internal/config/parser.go:90.3,90.23 1 1
github.com/ZebulonRouseFrantzich/zerb/internal/config/parser.go:94.2,94.83 1 1
github.com/ZebulonRouseFrantzich/zerb/internal/config/parser.go:94.83,96.17 2 1
github.com/ZebulonRouseFrantzich/zerb/internal/config/parser.go:96.17,98.4 1 0
github.com/ZebulonRouseFrantzich/zerb/internal/config/parser.go:99.3,99.27 1 1
github.com/ZebulonRouseFrantzich/zerb/internal/config/parser.go:103.2,103.71 1 1
github.com/ZebulonRouseFrantzich/zerb/internal/config/parser.go:103.71,105.17 2 1
github.com/ZebulonRouseFrantzich/zerb/internal/config/parser.go:105.17,107.4 1 0
github.com/ZebulonRouseFrantzich/zerb/internal/config/parser.go:108.3,108.19 1 1
github.com/ZebulonRouseFrantzich/zerb/internal/config/parser.go:112.2,112.82 1 1
github.com/ZebulonRouseFrantzich/zerb/internal/config/parser.go:112.82,114.17 2 1
github.com/ZebulonRouseFrantzich/zerb/internal/config/parser.go:114.17,116.4 1 0
github.com/ZebulonRouseFrantzich/zerb/internal/config/parser.go:117.3,117.27 1 1
github.com/ZebulonRouseFrantzich/zerb/internal/config/parser.go:121.2,121.42 1 1
github.com/ZebulonRouseFrantzich/zerb/internal/config/parser.go:121.42,126.3 1 1
github.com/ZebulonRouseFrantzich/zerb/internal/config/parser.go:128.2,128.20 1 1
github.com/ZebulonRouseFrantzich/zerb/internal/config/parser.go:132.51,135.75 2 1
github.com/ZebulonRouseFrantzich/zerb/internal/config/parser.go:135.75,137.3 1 1
github.com/ZebulonRouseFrantzich/zerb/internal/config/parser.go:139.2,139.82 1 1
github.com/ZebulonRouseFrantzich/zerb/internal/config/parser.go:139.82,141.3 1 1
github.com/ZebulonRouseFrantzich/zerb/internal/config/parser.go:143.2,143.18 1 1
github.com/ZebulonRouseFrantzich/zerb/internal/config/parser.go:148.56,152.44 2 1
github.com/ZebulonRouseFrantzich/zerb/internal/config/parser.go:152.44,154.32 1 1
github.com/ZebulonRouseFrantzich/zerb/internal/config/parser.go:154.32,156.4 1 0
github.com/ZebulonRouseFrantzich/zerb/internal/config/parser.go:159.3,159.35 1 1
github.com/ZebulonRouseFrantzich/zerb/internal/config/parser.go:159.35,161.4 1 0
github.com/ZebulonRouseFrantzich/zerb/internal/config/parser.go:163.3,165.30 2 1
github.com/ZebulonRouseFrantzich/zerb/internal/config/parser.go:168.2,168.19 1 1
github.com/ZebulonRouseFrantzich/zerb/internal/config/parser.go:172.66,175.44 2 1
github.com/ZebulonRouseFrantzich/zerb/internal/config/parser.go:175.44,177.35 1 1
github.com/ZebulonRouseFrantzich/zerb/internal/config/parser.go:177.35,182.4 2 1
github.com/ZebulonRouseFrantzich/zerb/internal/config/parser.go:185.3,185.34 1 1
github.com/ZebulonRouseFrantzich/zerb/internal/config/parser.go:185.34,190.79 3 1
github.com/ZebulonRouseFrantzich/zerb/internal/config/parser.go:190.79,192.5 1 1
github.com/ZebulonRouseFrantzich/zerb/internal/config/parser.go:195.4,195.80 1 1
github.com/ZebulonRouseFrantzich/zerb/internal/config/parser.go:195.80,197.5 1 1
github.com/ZebulonRouseFrantzich/zerb/internal/config/parser.go:200.4,200.81 1 1
github.com/ZebulonRouseFrantzich/zerb/internal/config/parser.go:200.81,202.5 1 1
github.com/ZebulonRouseFrantzich/zerb/internal/config/parser.go:205.4,205.78 1 1
github.com/ZebulonRouseFrantzich/zerb/internal/config/parser.go:205.78,207.5 1 1
github.com/ZebulonRouseFrantzich/zerb/internal/config/parser.go:210.4,210.80 1 1
github.com/ZebulonRouseFrantzich/zerb/internal/config/parser.go:210.80,212.5 1 1
github.com/ZebulonRouseFrantzich/zerb/internal/config/parser.go:214.4,214.33 1 1
github.com/ZebulonRouseFrantzich/zerb/internal/config/parser.go:218.2,218.21 1 1
github.com/ZebulonRouseFrantzich/zerb/internal/config/parser.go:222.61,225.81 2 1
github.com/ZebulonRouseFrantzich/zerb/internal/config/parser.go:225.81,227.3 1 1
github.com/ZebulonRouseFrantzich/zerb/internal/config/parser.go:229.2,229.81 1 1
github.com/ZebulonRouseFrantzich/zerb/internal/config/parser.go:229.81,231.3 1 1
github.com/ZebulonRouseFrantzich/zerb/internal/config/parser.go:233.2,233.17 1 1
github.com/ZebulonRouseFrantzich/zerb/internal/config/parser.go:237.57,240.97 2 1
github.com/ZebulonRouseFrantzich/zerb/internal/config/parser.go:240.97,242.3 1 1
github.com/ZebulonRouseFrantzich/zerb/internal/config/parser.go:244.2,244.21 1 1
github.com/ZebulonRouseFrantzich/zerb/internal/config/parser.go:249.50,250.43 1 1
github.com/ZebulonRouseFrantzich/zerb/internal/config/parser.go:250.43,251.14 1 1
github.com/ZebulonRouseFrantzich/zerb/internal/config/parser.go:251.14,253.4 1 1
github.com/ZebulonRouseFrantzich/zerb/internal/config/parser.go:255.3,256.63 2 1
github.com/ZebulonRouseFrantzich/zerb/internal/config/parser.go:256.63,258.4 1 1
github.com/ZebulonRouseFrantzich/zerb/internal/config/parser.go:259.3,259.57 1 1
github.com/ZebulonRouseFrantzich/zerb/internal/config/parser.go:261.2,261.20 1 1
github.com/ZebulonRouseFrantzich/zerb/internal/config/sandbox.go:15.34,43.2 8 1
github.com/ZebulonRouseFrantzich/zerb/internal/config/sandbox.go:47.35,51.2 3 1
github.com/ZebulonRouseFrantzich/zerb/internal/config/types.go:103.35,105.31 1 1
github.com/ZebulonRouseFrantzich/zerb/internal/config/types.go:105.31,106.50 1 1
github.com/ZebulonRouseFrantzich/zerb/internal/config/types.go:106.50,108.4 1 1
github.com/ZebulonRouseFrantzich/zerb/internal/config/types.go:112.2,112.31 1 1
github.com/ZebulonRouseFrantzich/zerb/internal/config/types.go:112.31,113.20 1 1
github.com/ZebulonRouseFrantzich/zerb/internal/config/types.go:113.20,115.4 1 1
github.com/ZebulonRouseFrantzich/zerb/internal/config/types.go:118.2,118.12 1 1
github.com/ZebulonRouseFrantzich/zerb/internal/config/types.go:127.42,128.19 1 1
github.com/ZebulonRouseFrantzich/zerb/internal/config/types.go:128.19,130.3 1 1
github.com/ZebulonRouseFrantzich/zerb/internal/config/types.go:131.2,131.49 1 0
github.com/ZebulonRouseFrantzich/zerb/internal/config/types.go:135.44,136.16 1 1
github.com/ZebulonRouseFrantzich/zerb/internal/config/types.go:136.16,138.3 1 1
github.com/ZebulonRouseFrantzich/zerb/internal/config/types.go:141.2,141.12 1 1
